{"C:\\Users\\mthgg\\OneDrive\\Documentos\\Rocketseat\\Node\\IIICapitulo\\Test_Node\\src\\config\\auth.ts": {"path":"C:\\Users\\mthgg\\OneDrive\\Documentos\\Rocketseat\\Node\\IIICapitulo\\Test_Node\\src\\config\\auth.ts","all":false,"statementMap":{"0":{"start":{"line":1,"column":0},"end":{"line":1,"column":23}},"1":{"start":{"line":2,"column":0},"end":{"line":2,"column":0}},"2":{"start":{"line":3,"column":0},"end":{"line":3,"column":16}},"3":{"start":{"line":4,"column":0},"end":{"line":4,"column":10}},"4":{"start":{"line":5,"column":0},"end":{"line":5,"column":49}},"5":{"start":{"line":6,"column":0},"end":{"line":6,"column":23}},"6":{"start":{"line":7,"column":0},"end":{"line":7,"column":5}},"7":{"start":{"line":8,"column":0},"end":{"line":8,"column":1}}},"s":{"0":1,"1":1,"2":1,"3":1,"4":1,"5":1,"6":1,"7":1},"branchMap":{},"b":{},"fnMap":{},"f":{}}
,"C:\\Users\\mthgg\\OneDrive\\Documentos\\Rocketseat\\Node\\IIICapitulo\\Test_Node\\src\\modules\\statements\\entities\\Statement.ts": {"path":"C:\\Users\\mthgg\\OneDrive\\Documentos\\Rocketseat\\Node\\IIICapitulo\\Test_Node\\src\\modules\\statements\\entities\\Statement.ts","all":false,"statementMap":{"0":{"start":{"line":1,"column":0},"end":{"line":1,"column":8}},"1":{"start":{"line":2,"column":0},"end":{"line":2,"column":9}},"2":{"start":{"line":3,"column":0},"end":{"line":3,"column":19}},"3":{"start":{"line":4,"column":0},"end":{"line":4,"column":9}},"4":{"start":{"line":5,"column":0},"end":{"line":5,"column":13}},"5":{"start":{"line":6,"column":0},"end":{"line":6,"column":12}},"6":{"start":{"line":7,"column":0},"end":{"line":7,"column":24}},"7":{"start":{"line":8,"column":0},"end":{"line":8,"column":17}},"8":{"start":{"line":9,"column":0},"end":{"line":9,"column":34}},"9":{"start":{"line":10,"column":0},"end":{"line":10,"column":0}},"10":{"start":{"line":11,"column":0},"end":{"line":11,"column":49}},"11":{"start":{"line":12,"column":0},"end":{"line":12,"column":0}},"12":{"start":{"line":13,"column":0},"end":{"line":13,"column":20}},"13":{"start":{"line":14,"column":0},"end":{"line":14,"column":22}},"14":{"start":{"line":15,"column":0},"end":{"line":15,"column":24}},"15":{"start":{"line":16,"column":0},"end":{"line":16,"column":1}},"16":{"start":{"line":17,"column":0},"end":{"line":17,"column":0}},"17":{"start":{"line":18,"column":0},"end":{"line":18,"column":21}},"18":{"start":{"line":19,"column":0},"end":{"line":19,"column":24}},"19":{"start":{"line":20,"column":0},"end":{"line":20,"column":33}},"20":{"start":{"line":21,"column":0},"end":{"line":21,"column":14}},"21":{"start":{"line":22,"column":0},"end":{"line":22,"column":0}},"22":{"start":{"line":23,"column":0},"end":{"line":23,"column":17}},"23":{"start":{"line":24,"column":0},"end":{"line":24,"column":18}},"24":{"start":{"line":25,"column":0},"end":{"line":25,"column":0}},"25":{"start":{"line":26,"column":0},"end":{"line":26,"column":48}},"26":{"start":{"line":27,"column":0},"end":{"line":27,"column":34}},"27":{"start":{"line":28,"column":0},"end":{"line":28,"column":13}},"28":{"start":{"line":29,"column":0},"end":{"line":29,"column":0}},"29":{"start":{"line":30,"column":0},"end":{"line":30,"column":11}},"30":{"start":{"line":31,"column":0},"end":{"line":31,"column":22}},"31":{"start":{"line":32,"column":0},"end":{"line":32,"column":0}},"32":{"start":{"line":33,"column":0},"end":{"line":33,"column":48}},"33":{"start":{"line":34,"column":0},"end":{"line":34,"column":17}},"34":{"start":{"line":35,"column":0},"end":{"line":35,"column":0}},"35":{"start":{"line":36,"column":0},"end":{"line":36,"column":48}},"36":{"start":{"line":37,"column":0},"end":{"line":37,"column":22}},"37":{"start":{"line":38,"column":0},"end":{"line":38,"column":0}},"38":{"start":{"line":39,"column":0},"end":{"line":39,"column":21}},"39":{"start":{"line":40,"column":0},"end":{"line":40,"column":19}},"40":{"start":{"line":41,"column":0},"end":{"line":41,"column":0}},"41":{"start":{"line":42,"column":0},"end":{"line":42,"column":21}},"42":{"start":{"line":43,"column":0},"end":{"line":43,"column":19}},"43":{"start":{"line":44,"column":0},"end":{"line":44,"column":0}},"44":{"start":{"line":45,"column":0},"end":{"line":45,"column":17}},"45":{"start":{"line":46,"column":0},"end":{"line":46,"column":19}},"46":{"start":{"line":47,"column":0},"end":{"line":47,"column":23}},"47":{"start":{"line":48,"column":0},"end":{"line":48,"column":5}},"48":{"start":{"line":49,"column":0},"end":{"line":49,"column":3}},"49":{"start":{"line":50,"column":0},"end":{"line":50,"column":1}}},"s":{"0":1,"1":1,"2":1,"3":1,"4":1,"5":1,"6":1,"7":1,"8":1,"9":1,"10":1,"11":1,"12":6,"13":6,"14":6,"15":6,"16":1,"17":1,"18":1,"19":1,"20":1,"21":1,"22":1,"23":1,"24":1,"25":1,"26":1,"27":1,"28":1,"29":1,"30":1,"31":1,"32":1,"33":1,"34":1,"35":1,"36":1,"37":1,"38":1,"39":1,"40":1,"41":1,"42":1,"43":1,"44":1,"45":6,"46":6,"47":6,"48":6,"49":1},"branchMap":{"0":{"type":"branch","line":13,"loc":{"start":{"line":13,"column":0},"end":{"line":16,"column":1}},"locations":[{"start":{"line":13,"column":0},"end":{"line":16,"column":1}}]},"1":{"type":"branch","line":45,"loc":{"start":{"line":45,"column":2},"end":{"line":49,"column":3}},"locations":[{"start":{"line":45,"column":2},"end":{"line":49,"column":3}}]}},"b":{"0":[6],"1":[6]},"fnMap":{"0":{"name":"Statement","decl":{"start":{"line":45,"column":2},"end":{"line":49,"column":3}},"loc":{"start":{"line":45,"column":2},"end":{"line":49,"column":3}},"line":45},"1":{"name":"Object.<anonymous>.typeorm_1.JoinColumn.name","decl":{"start":{"line":26,"column":13},"end":{"line":26,"column":23}},"loc":{"start":{"line":26,"column":13},"end":{"line":26,"column":23}},"line":26}},"f":{"0":6,"1":0}}
,"C:\\Users\\mthgg\\OneDrive\\Documentos\\Rocketseat\\Node\\IIICapitulo\\Test_Node\\src\\modules\\statements\\repositories\\in-memory\\InMemoryStatementsRepository.ts": {"path":"C:\\Users\\mthgg\\OneDrive\\Documentos\\Rocketseat\\Node\\IIICapitulo\\Test_Node\\src\\modules\\statements\\repositories\\in-memory\\InMemoryStatementsRepository.ts","all":false,"statementMap":{"0":{"start":{"line":1,"column":0},"end":{"line":1,"column":53}},"1":{"start":{"line":2,"column":0},"end":{"line":2,"column":89}},"2":{"start":{"line":3,"column":0},"end":{"line":3,"column":74}},"3":{"start":{"line":4,"column":0},"end":{"line":4,"column":107}},"4":{"start":{"line":5,"column":0},"end":{"line":5,"column":65}},"5":{"start":{"line":6,"column":0},"end":{"line":6,"column":0}},"6":{"start":{"line":7,"column":0},"end":{"line":7,"column":76}},"7":{"start":{"line":8,"column":0},"end":{"line":8,"column":39}},"8":{"start":{"line":9,"column":0},"end":{"line":9,"column":0}},"9":{"start":{"line":10,"column":0},"end":{"line":10,"column":63}},"10":{"start":{"line":11,"column":0},"end":{"line":11,"column":38}},"11":{"start":{"line":12,"column":0},"end":{"line":12,"column":0}},"12":{"start":{"line":13,"column":0},"end":{"line":13,"column":35}},"13":{"start":{"line":14,"column":0},"end":{"line":14,"column":0}},"14":{"start":{"line":15,"column":0},"end":{"line":15,"column":36}},"15":{"start":{"line":16,"column":0},"end":{"line":16,"column":0}},"16":{"start":{"line":17,"column":0},"end":{"line":17,"column":21}},"17":{"start":{"line":18,"column":0},"end":{"line":18,"column":3}},"18":{"start":{"line":19,"column":0},"end":{"line":19,"column":0}},"19":{"start":{"line":20,"column":0},"end":{"line":20,"column":118}},"20":{"start":{"line":21,"column":0},"end":{"line":21,"column":46}},"21":{"start":{"line":22,"column":0},"end":{"line":22,"column":38}},"22":{"start":{"line":23,"column":0},"end":{"line":23,"column":35}},"23":{"start":{"line":24,"column":0},"end":{"line":24,"column":7}},"24":{"start":{"line":25,"column":0},"end":{"line":25,"column":3}},"25":{"start":{"line":26,"column":0},"end":{"line":26,"column":0}},"26":{"start":{"line":27,"column":0},"end":{"line":27,"column":76}},"27":{"start":{"line":28,"column":0},"end":{"line":28,"column":12}},"28":{"start":{"line":29,"column":0},"end":{"line":29,"column":71}},"29":{"start":{"line":30,"column":0},"end":{"line":30,"column":5}},"30":{"start":{"line":31,"column":0},"end":{"line":31,"column":3}},"31":{"start":{"line":32,"column":0},"end":{"line":32,"column":89}},"32":{"start":{"line":33,"column":0},"end":{"line":33,"column":0}},"33":{"start":{"line":34,"column":0},"end":{"line":34,"column":58}},"34":{"start":{"line":35,"column":0},"end":{"line":35,"column":41}},"35":{"start":{"line":36,"column":0},"end":{"line":36,"column":38}},"36":{"start":{"line":37,"column":0},"end":{"line":37,"column":14}},"37":{"start":{"line":38,"column":0},"end":{"line":38,"column":38}},"38":{"start":{"line":39,"column":0},"end":{"line":39,"column":7}},"39":{"start":{"line":40,"column":0},"end":{"line":40,"column":9}},"40":{"start":{"line":41,"column":0},"end":{"line":41,"column":0}},"41":{"start":{"line":42,"column":0},"end":{"line":42,"column":25}},"42":{"start":{"line":43,"column":0},"end":{"line":43,"column":14}},"43":{"start":{"line":44,"column":0},"end":{"line":44,"column":18}},"44":{"start":{"line":45,"column":0},"end":{"line":45,"column":15}},"45":{"start":{"line":46,"column":0},"end":{"line":46,"column":7}},"46":{"start":{"line":47,"column":0},"end":{"line":47,"column":5}},"47":{"start":{"line":48,"column":0},"end":{"line":48,"column":0}},"48":{"start":{"line":49,"column":0},"end":{"line":49,"column":22}},"49":{"start":{"line":50,"column":0},"end":{"line":50,"column":3}},"50":{"start":{"line":51,"column":0},"end":{"line":51,"column":1}}},"s":{"0":1,"1":1,"2":1,"3":1,"4":1,"5":1,"6":9,"7":9,"8":9,"9":9,"10":6,"11":6,"12":6,"13":6,"14":6,"15":6,"16":6,"17":6,"18":9,"19":9,"20":2,"21":2,"22":1,"23":2,"24":2,"25":9,"26":9,"27":3,"28":3,"29":3,"30":3,"31":3,"32":3,"33":3,"34":1,"35":1,"36":1,"37":0,"38":0,"39":3,"40":3,"41":3,"42":1,"43":1,"44":1,"45":1,"46":1,"47":2,"48":2,"49":2,"50":9},"branchMap":{"0":{"type":"branch","line":7,"loc":{"start":{"line":7,"column":0},"end":{"line":51,"column":1}},"locations":[{"start":{"line":7,"column":0},"end":{"line":51,"column":1}}]},"1":{"type":"branch","line":10,"loc":{"start":{"line":10,"column":8},"end":{"line":18,"column":3}},"locations":[{"start":{"line":10,"column":8},"end":{"line":18,"column":3}}]},"2":{"type":"branch","line":20,"loc":{"start":{"line":20,"column":8},"end":{"line":25,"column":3}},"locations":[{"start":{"line":20,"column":8},"end":{"line":25,"column":3}}]},"3":{"type":"branch","line":21,"loc":{"start":{"line":21,"column":32},"end":{"line":23,"column":35}},"locations":[{"start":{"line":21,"column":32},"end":{"line":23,"column":35}}]},"4":{"type":"branch","line":22,"loc":{"start":{"line":22,"column":35},"end":{"line":23,"column":35}},"locations":[{"start":{"line":22,"column":35},"end":{"line":23,"column":35}}]},"5":{"type":"branch","line":27,"loc":{"start":{"line":27,"column":8},"end":{"line":50,"column":3}},"locations":[{"start":{"line":27,"column":8},"end":{"line":50,"column":3}}]},"6":{"type":"branch","line":42,"loc":{"start":{"line":42,"column":24},"end":{"line":47,"column":5}},"locations":[{"start":{"line":42,"column":24},"end":{"line":47,"column":5}}]},"7":{"type":"branch","line":48,"loc":{"start":{"line":48,"column":-2},"end":{"line":50,"column":3}},"locations":[{"start":{"line":48,"column":-2},"end":{"line":50,"column":3}}]},"8":{"type":"branch","line":32,"loc":{"start":{"line":32,"column":45},"end":{"line":32,"column":87}},"locations":[{"start":{"line":32,"column":45},"end":{"line":32,"column":87}}]},"9":{"type":"branch","line":34,"loc":{"start":{"line":34,"column":37},"end":{"line":40,"column":5}},"locations":[{"start":{"line":34,"column":37},"end":{"line":40,"column":5}}]},"10":{"type":"branch","line":37,"loc":{"start":{"line":37,"column":7},"end":{"line":39,"column":7}},"locations":[{"start":{"line":37,"column":7},"end":{"line":39,"column":7}}]}},"b":{"0":[9],"1":[6],"2":[2],"3":[2],"4":[1],"5":[3],"6":[1],"7":[2],"8":[1],"9":[1],"10":[0]},"fnMap":{"0":{"name":"InMemoryStatementsRepository","decl":{"start":{"line":7,"column":0},"end":{"line":51,"column":1}},"loc":{"start":{"line":7,"column":0},"end":{"line":51,"column":1}},"line":7},"1":{"name":"create","decl":{"start":{"line":10,"column":8},"end":{"line":18,"column":3}},"loc":{"start":{"line":10,"column":8},"end":{"line":18,"column":3}},"line":10},"2":{"name":"findStatementOperation","decl":{"start":{"line":20,"column":8},"end":{"line":25,"column":3}},"loc":{"start":{"line":20,"column":8},"end":{"line":25,"column":3}},"line":20},"3":{"name":"getUserBalance","decl":{"start":{"line":27,"column":8},"end":{"line":50,"column":3}},"loc":{"start":{"line":27,"column":8},"end":{"line":50,"column":3}},"line":27}},"f":{"0":9,"1":6,"2":2,"3":3}}
,"C:\\Users\\mthgg\\OneDrive\\Documentos\\Rocketseat\\Node\\IIICapitulo\\Test_Node\\src\\modules\\statements\\useCases\\createStatement\\CreateStatementError.ts": {"path":"C:\\Users\\mthgg\\OneDrive\\Documentos\\Rocketseat\\Node\\IIICapitulo\\Test_Node\\src\\modules\\statements\\useCases\\createStatement\\CreateStatementError.ts","all":false,"statementMap":{"0":{"start":{"line":1,"column":0},"end":{"line":1,"column":62}},"1":{"start":{"line":2,"column":0},"end":{"line":2,"column":0}},"2":{"start":{"line":3,"column":0},"end":{"line":3,"column":39}},"3":{"start":{"line":4,"column":0},"end":{"line":4,"column":46}},"4":{"start":{"line":5,"column":0},"end":{"line":5,"column":19}},"5":{"start":{"line":6,"column":0},"end":{"line":6,"column":35}},"6":{"start":{"line":7,"column":0},"end":{"line":7,"column":5}},"7":{"start":{"line":8,"column":0},"end":{"line":8,"column":3}},"8":{"start":{"line":9,"column":0},"end":{"line":9,"column":0}},"9":{"start":{"line":10,"column":0},"end":{"line":10,"column":51}},"10":{"start":{"line":11,"column":0},"end":{"line":11,"column":19}},"11":{"start":{"line":12,"column":0},"end":{"line":12,"column":39}},"12":{"start":{"line":13,"column":0},"end":{"line":13,"column":5}},"13":{"start":{"line":14,"column":0},"end":{"line":14,"column":3}},"14":{"start":{"line":15,"column":0},"end":{"line":15,"column":1}}},"s":{"0":1,"1":1,"2":2,"3":2,"4":2,"5":1,"6":1,"7":2,"8":2,"9":2,"10":2,"11":1,"12":1,"13":2,"14":2},"branchMap":{"0":{"type":"branch","line":3,"loc":{"start":{"line":3,"column":0},"end":{"line":15,"column":1}},"locations":[{"start":{"line":3,"column":0},"end":{"line":15,"column":1}}]},"1":{"type":"branch","line":5,"loc":{"start":{"line":5,"column":4},"end":{"line":7,"column":5}},"locations":[{"start":{"line":5,"column":4},"end":{"line":7,"column":5}}]},"2":{"type":"branch","line":11,"loc":{"start":{"line":11,"column":4},"end":{"line":13,"column":5}},"locations":[{"start":{"line":11,"column":4},"end":{"line":13,"column":5}}]}},"b":{"0":[2],"1":[1],"2":[1]},"fnMap":{"0":{"name":"UserNotFound","decl":{"start":{"line":5,"column":4},"end":{"line":7,"column":5}},"loc":{"start":{"line":5,"column":4},"end":{"line":7,"column":5}},"line":5},"1":{"name":"InsufficientFunds","decl":{"start":{"line":11,"column":4},"end":{"line":13,"column":5}},"loc":{"start":{"line":11,"column":4},"end":{"line":13,"column":5}},"line":11}},"f":{"0":1,"1":1}}
,"C:\\Users\\mthgg\\OneDrive\\Documentos\\Rocketseat\\Node\\IIICapitulo\\Test_Node\\src\\modules\\statements\\useCases\\createStatement\\CreateStatementUseCase.ts": {"path":"C:\\Users\\mthgg\\OneDrive\\Documentos\\Rocketseat\\Node\\IIICapitulo\\Test_Node\\src\\modules\\statements\\useCases\\createStatement\\CreateStatementUseCase.ts","all":false,"statementMap":{"0":{"start":{"line":1,"column":0},"end":{"line":1,"column":26}},"1":{"start":{"line":2,"column":0},"end":{"line":2,"column":46}},"2":{"start":{"line":3,"column":0},"end":{"line":3,"column":0}},"3":{"start":{"line":4,"column":0},"end":{"line":4,"column":80}},"4":{"start":{"line":5,"column":0},"end":{"line":5,"column":81}},"5":{"start":{"line":6,"column":0},"end":{"line":6,"column":62}},"6":{"start":{"line":7,"column":0},"end":{"line":7,"column":60}},"7":{"start":{"line":8,"column":0},"end":{"line":8,"column":0}},"8":{"start":{"line":9,"column":0},"end":{"line":9,"column":13}},"9":{"start":{"line":10,"column":0},"end":{"line":10,"column":37}},"10":{"start":{"line":11,"column":0},"end":{"line":11,"column":16}},"11":{"start":{"line":12,"column":0},"end":{"line":12,"column":34}},"12":{"start":{"line":13,"column":0},"end":{"line":13,"column":50}},"13":{"start":{"line":14,"column":0},"end":{"line":14,"column":0}},"14":{"start":{"line":15,"column":0},"end":{"line":15,"column":39}},"15":{"start":{"line":16,"column":0},"end":{"line":16,"column":59}},"16":{"start":{"line":17,"column":0},"end":{"line":17,"column":9}},"17":{"start":{"line":18,"column":0},"end":{"line":18,"column":0}},"18":{"start":{"line":19,"column":0},"end":{"line":19,"column":80}},"19":{"start":{"line":20,"column":0},"end":{"line":20,"column":66}},"20":{"start":{"line":21,"column":0},"end":{"line":21,"column":0}},"21":{"start":{"line":22,"column":0},"end":{"line":22,"column":20}},"22":{"start":{"line":23,"column":0},"end":{"line":23,"column":58}},"23":{"start":{"line":24,"column":0},"end":{"line":24,"column":9}},"24":{"start":{"line":25,"column":0},"end":{"line":25,"column":0}},"25":{"start":{"line":26,"column":0},"end":{"line":26,"column":34}},"26":{"start":{"line":27,"column":0},"end":{"line":27,"column":92}},"27":{"start":{"line":28,"column":0},"end":{"line":28,"column":0}},"28":{"start":{"line":29,"column":0},"end":{"line":29,"column":35}},"29":{"start":{"line":30,"column":0},"end":{"line":30,"column":66}},"30":{"start":{"line":31,"column":0},"end":{"line":31,"column":13}},"31":{"start":{"line":32,"column":0},"end":{"line":32,"column":9}},"32":{"start":{"line":33,"column":0},"end":{"line":33,"column":0}},"33":{"start":{"line":34,"column":0},"end":{"line":34,"column":75}},"34":{"start":{"line":35,"column":0},"end":{"line":35,"column":20}},"35":{"start":{"line":36,"column":0},"end":{"line":36,"column":17}},"36":{"start":{"line":37,"column":0},"end":{"line":37,"column":19}},"37":{"start":{"line":38,"column":0},"end":{"line":38,"column":23}},"38":{"start":{"line":39,"column":0},"end":{"line":39,"column":11}},"39":{"start":{"line":40,"column":0},"end":{"line":40,"column":0}},"40":{"start":{"line":41,"column":0},"end":{"line":41,"column":34}},"41":{"start":{"line":42,"column":0},"end":{"line":42,"column":5}},"42":{"start":{"line":43,"column":0},"end":{"line":43,"column":1}}},"s":{"0":1,"1":1,"2":1,"3":1,"4":1,"5":1,"6":1,"7":1,"8":1,"9":1,"10":1,"11":7,"12":7,"13":7,"14":7,"15":7,"16":7,"17":1,"18":1,"19":8,"20":8,"21":8,"22":1,"23":1,"24":7,"25":8,"26":2,"27":2,"28":2,"29":1,"30":1,"31":2,"32":6,"33":6,"34":6,"35":6,"36":6,"37":6,"38":6,"39":6,"40":6,"41":6,"42":1},"branchMap":{"0":{"type":"branch","line":11,"loc":{"start":{"line":11,"column":4},"end":{"line":17,"column":9}},"locations":[{"start":{"line":11,"column":4},"end":{"line":17,"column":9}}]},"1":{"type":"branch","line":19,"loc":{"start":{"line":19,"column":10},"end":{"line":42,"column":5}},"locations":[{"start":{"line":19,"column":10},"end":{"line":42,"column":5}}]},"2":{"type":"branch","line":22,"loc":{"start":{"line":22,"column":19},"end":{"line":24,"column":9}},"locations":[{"start":{"line":22,"column":19},"end":{"line":24,"column":9}}]},"3":{"type":"branch","line":25,"loc":{"start":{"line":25,"column":-2},"end":{"line":26,"column":33}},"locations":[{"start":{"line":25,"column":-2},"end":{"line":26,"column":33}}]},"4":{"type":"branch","line":26,"loc":{"start":{"line":26,"column":33},"end":{"line":32,"column":9}},"locations":[{"start":{"line":26,"column":33},"end":{"line":32,"column":9}}]},"5":{"type":"branch","line":29,"loc":{"start":{"line":29,"column":34},"end":{"line":31,"column":13}},"locations":[{"start":{"line":29,"column":34},"end":{"line":31,"column":13}}]},"6":{"type":"branch","line":33,"loc":{"start":{"line":33,"column":-2},"end":{"line":42,"column":5}},"locations":[{"start":{"line":33,"column":-2},"end":{"line":42,"column":5}}]}},"b":{"0":[7],"1":[8],"2":[1],"3":[7],"4":[2],"5":[1],"6":[6]},"fnMap":{"0":{"name":"CreateStatementUseCase","decl":{"start":{"line":11,"column":4},"end":{"line":17,"column":9}},"loc":{"start":{"line":11,"column":4},"end":{"line":17,"column":9}},"line":11},"1":{"name":"execute","decl":{"start":{"line":19,"column":10},"end":{"line":42,"column":5}},"loc":{"start":{"line":19,"column":10},"end":{"line":42,"column":5}},"line":19}},"f":{"0":7,"1":8}}
,"C:\\Users\\mthgg\\OneDrive\\Documentos\\Rocketseat\\Node\\IIICapitulo\\Test_Node\\src\\modules\\statements\\useCases\\getBalance\\GetBalanceError.ts": {"path":"C:\\Users\\mthgg\\OneDrive\\Documentos\\Rocketseat\\Node\\IIICapitulo\\Test_Node\\src\\modules\\statements\\useCases\\getBalance\\GetBalanceError.ts","all":false,"statementMap":{"0":{"start":{"line":1,"column":0},"end":{"line":1,"column":62}},"1":{"start":{"line":2,"column":0},"end":{"line":2,"column":0}},"2":{"start":{"line":3,"column":0},"end":{"line":3,"column":47}},"3":{"start":{"line":4,"column":0},"end":{"line":4,"column":17}},"4":{"start":{"line":5,"column":0},"end":{"line":5,"column":33}},"5":{"start":{"line":6,"column":0},"end":{"line":6,"column":3}},"6":{"start":{"line":7,"column":0},"end":{"line":7,"column":1}}},"s":{"0":1,"1":1,"2":1,"3":1,"4":1,"5":1,"6":1},"branchMap":{"0":{"type":"branch","line":4,"loc":{"start":{"line":4,"column":2},"end":{"line":6,"column":3}},"locations":[{"start":{"line":4,"column":2},"end":{"line":6,"column":3}}]}},"b":{"0":[1]},"fnMap":{"0":{"name":"GetBalanceError","decl":{"start":{"line":4,"column":2},"end":{"line":6,"column":3}},"loc":{"start":{"line":4,"column":2},"end":{"line":6,"column":3}},"line":4}},"f":{"0":1}}
,"C:\\Users\\mthgg\\OneDrive\\Documentos\\Rocketseat\\Node\\IIICapitulo\\Test_Node\\src\\modules\\statements\\useCases\\getBalance\\GetBalanceUseCase.ts": {"path":"C:\\Users\\mthgg\\OneDrive\\Documentos\\Rocketseat\\Node\\IIICapitulo\\Test_Node\\src\\modules\\statements\\useCases\\getBalance\\GetBalanceUseCase.ts","all":false,"statementMap":{"0":{"start":{"line":1,"column":0},"end":{"line":1,"column":26}},"1":{"start":{"line":2,"column":0},"end":{"line":2,"column":46}},"2":{"start":{"line":3,"column":0},"end":{"line":3,"column":0}},"3":{"start":{"line":4,"column":0},"end":{"line":4,"column":80}},"4":{"start":{"line":5,"column":0},"end":{"line":5,"column":53}},"5":{"start":{"line":6,"column":0},"end":{"line":6,"column":81}},"6":{"start":{"line":7,"column":0},"end":{"line":7,"column":52}},"7":{"start":{"line":8,"column":0},"end":{"line":8,"column":0}},"8":{"start":{"line":9,"column":0},"end":{"line":9,"column":20}},"9":{"start":{"line":10,"column":0},"end":{"line":10,"column":20}},"10":{"start":{"line":11,"column":0},"end":{"line":11,"column":1}},"11":{"start":{"line":12,"column":0},"end":{"line":12,"column":0}},"12":{"start":{"line":13,"column":0},"end":{"line":13,"column":21}},"13":{"start":{"line":14,"column":0},"end":{"line":14,"column":27}},"14":{"start":{"line":15,"column":0},"end":{"line":15,"column":20}},"15":{"start":{"line":16,"column":0},"end":{"line":16,"column":1}},"16":{"start":{"line":17,"column":0},"end":{"line":17,"column":0}},"17":{"start":{"line":18,"column":0},"end":{"line":18,"column":13}},"18":{"start":{"line":19,"column":0},"end":{"line":19,"column":32}},"19":{"start":{"line":20,"column":0},"end":{"line":20,"column":16}},"20":{"start":{"line":21,"column":0},"end":{"line":21,"column":39}},"21":{"start":{"line":22,"column":0},"end":{"line":22,"column":60}},"22":{"start":{"line":23,"column":0},"end":{"line":23,"column":0}},"23":{"start":{"line":24,"column":0},"end":{"line":24,"column":34}},"24":{"start":{"line":25,"column":0},"end":{"line":25,"column":50}},"25":{"start":{"line":26,"column":0},"end":{"line":26,"column":9}},"26":{"start":{"line":27,"column":0},"end":{"line":27,"column":0}},"27":{"start":{"line":28,"column":0},"end":{"line":28,"column":62}},"28":{"start":{"line":29,"column":0},"end":{"line":29,"column":66}},"29":{"start":{"line":30,"column":0},"end":{"line":30,"column":0}},"30":{"start":{"line":31,"column":0},"end":{"line":31,"column":20}},"31":{"start":{"line":32,"column":0},"end":{"line":32,"column":40}},"32":{"start":{"line":33,"column":0},"end":{"line":33,"column":9}},"33":{"start":{"line":34,"column":0},"end":{"line":34,"column":0}},"34":{"start":{"line":35,"column":0},"end":{"line":35,"column":72}},"35":{"start":{"line":36,"column":0},"end":{"line":36,"column":20}},"36":{"start":{"line":37,"column":0},"end":{"line":37,"column":32}},"37":{"start":{"line":38,"column":0},"end":{"line":38,"column":11}},"38":{"start":{"line":39,"column":0},"end":{"line":39,"column":0}},"39":{"start":{"line":40,"column":0},"end":{"line":40,"column":36}},"40":{"start":{"line":41,"column":0},"end":{"line":41,"column":5}},"41":{"start":{"line":42,"column":0},"end":{"line":42,"column":1}}},"s":{"0":1,"1":1,"2":1,"3":1,"4":1,"5":1,"6":1,"7":1,"8":1,"9":1,"10":1,"11":1,"12":1,"13":1,"14":1,"15":1,"16":1,"17":1,"18":1,"19":1,"20":2,"21":2,"22":2,"23":2,"24":2,"25":2,"26":1,"27":1,"28":2,"29":2,"30":2,"31":1,"32":1,"33":1,"34":1,"35":1,"36":1,"37":1,"38":1,"39":1,"40":1,"41":1},"branchMap":{"0":{"type":"branch","line":20,"loc":{"start":{"line":20,"column":4},"end":{"line":26,"column":9}},"locations":[{"start":{"line":20,"column":4},"end":{"line":26,"column":9}}]},"1":{"type":"branch","line":28,"loc":{"start":{"line":28,"column":10},"end":{"line":41,"column":5}},"locations":[{"start":{"line":28,"column":10},"end":{"line":41,"column":5}}]},"2":{"type":"branch","line":31,"loc":{"start":{"line":31,"column":19},"end":{"line":41,"column":5}},"locations":[{"start":{"line":31,"column":19},"end":{"line":41,"column":5}}]}},"b":{"0":[2],"1":[2],"2":[1]},"fnMap":{"0":{"name":"GetBalanceUseCase","decl":{"start":{"line":20,"column":4},"end":{"line":26,"column":9}},"loc":{"start":{"line":20,"column":4},"end":{"line":26,"column":9}},"line":20},"1":{"name":"execute","decl":{"start":{"line":28,"column":10},"end":{"line":41,"column":5}},"loc":{"start":{"line":28,"column":10},"end":{"line":41,"column":5}},"line":28}},"f":{"0":2,"1":2}}
,"C:\\Users\\mthgg\\OneDrive\\Documentos\\Rocketseat\\Node\\IIICapitulo\\Test_Node\\src\\modules\\statements\\useCases\\getStatementOperation\\GetStatementOperationError.ts": {"path":"C:\\Users\\mthgg\\OneDrive\\Documentos\\Rocketseat\\Node\\IIICapitulo\\Test_Node\\src\\modules\\statements\\useCases\\getStatementOperation\\GetStatementOperationError.ts","all":false,"statementMap":{"0":{"start":{"line":1,"column":0},"end":{"line":1,"column":62}},"1":{"start":{"line":2,"column":0},"end":{"line":2,"column":0}},"2":{"start":{"line":3,"column":0},"end":{"line":3,"column":45}},"3":{"start":{"line":4,"column":0},"end":{"line":4,"column":46}},"4":{"start":{"line":5,"column":0},"end":{"line":5,"column":19}},"5":{"start":{"line":6,"column":0},"end":{"line":6,"column":35}},"6":{"start":{"line":7,"column":0},"end":{"line":7,"column":5}},"7":{"start":{"line":8,"column":0},"end":{"line":8,"column":3}},"8":{"start":{"line":9,"column":0},"end":{"line":9,"column":0}},"9":{"start":{"line":10,"column":0},"end":{"line":10,"column":51}},"10":{"start":{"line":11,"column":0},"end":{"line":11,"column":19}},"11":{"start":{"line":12,"column":0},"end":{"line":12,"column":40}},"12":{"start":{"line":13,"column":0},"end":{"line":13,"column":5}},"13":{"start":{"line":14,"column":0},"end":{"line":14,"column":3}},"14":{"start":{"line":15,"column":0},"end":{"line":15,"column":1}}},"s":{"0":1,"1":1,"2":1,"3":1,"4":1,"5":1,"6":1,"7":1,"8":1,"9":1,"10":1,"11":1,"12":1,"13":1,"14":1},"branchMap":{"0":{"type":"branch","line":3,"loc":{"start":{"line":3,"column":0},"end":{"line":15,"column":1}},"locations":[{"start":{"line":3,"column":0},"end":{"line":15,"column":1}}]},"1":{"type":"branch","line":5,"loc":{"start":{"line":5,"column":4},"end":{"line":7,"column":5}},"locations":[{"start":{"line":5,"column":4},"end":{"line":7,"column":5}}]},"2":{"type":"branch","line":11,"loc":{"start":{"line":11,"column":4},"end":{"line":13,"column":5}},"locations":[{"start":{"line":11,"column":4},"end":{"line":13,"column":5}}]}},"b":{"0":[1],"1":[1],"2":[1]},"fnMap":{"0":{"name":"UserNotFound","decl":{"start":{"line":5,"column":4},"end":{"line":7,"column":5}},"loc":{"start":{"line":5,"column":4},"end":{"line":7,"column":5}},"line":5},"1":{"name":"StatementNotFound","decl":{"start":{"line":11,"column":4},"end":{"line":13,"column":5}},"loc":{"start":{"line":11,"column":4},"end":{"line":13,"column":5}},"line":11}},"f":{"0":1,"1":1}}
,"C:\\Users\\mthgg\\OneDrive\\Documentos\\Rocketseat\\Node\\IIICapitulo\\Test_Node\\src\\modules\\statements\\useCases\\getStatementOperation\\GetStatementOperationUseCase.ts": {"path":"C:\\Users\\mthgg\\OneDrive\\Documentos\\Rocketseat\\Node\\IIICapitulo\\Test_Node\\src\\modules\\statements\\useCases\\getStatementOperation\\GetStatementOperationUseCase.ts","all":false,"statementMap":{"0":{"start":{"line":1,"column":0},"end":{"line":1,"column":26}},"1":{"start":{"line":2,"column":0},"end":{"line":2,"column":46}},"2":{"start":{"line":3,"column":0},"end":{"line":3,"column":0}},"3":{"start":{"line":4,"column":0},"end":{"line":4,"column":80}},"4":{"start":{"line":5,"column":0},"end":{"line":5,"column":81}},"5":{"start":{"line":6,"column":0},"end":{"line":6,"column":74}},"6":{"start":{"line":7,"column":0},"end":{"line":7,"column":0}},"7":{"start":{"line":8,"column":0},"end":{"line":8,"column":20}},"8":{"start":{"line":9,"column":0},"end":{"line":9,"column":20}},"9":{"start":{"line":10,"column":0},"end":{"line":10,"column":25}},"10":{"start":{"line":11,"column":0},"end":{"line":11,"column":1}},"11":{"start":{"line":12,"column":0},"end":{"line":12,"column":0}},"12":{"start":{"line":13,"column":0},"end":{"line":13,"column":13}},"13":{"start":{"line":14,"column":0},"end":{"line":14,"column":43}},"14":{"start":{"line":15,"column":0},"end":{"line":15,"column":16}},"15":{"start":{"line":16,"column":0},"end":{"line":16,"column":34}},"16":{"start":{"line":17,"column":0},"end":{"line":17,"column":50}},"17":{"start":{"line":18,"column":0},"end":{"line":18,"column":0}},"18":{"start":{"line":19,"column":0},"end":{"line":19,"column":39}},"19":{"start":{"line":20,"column":0},"end":{"line":20,"column":59}},"20":{"start":{"line":21,"column":0},"end":{"line":21,"column":9}},"21":{"start":{"line":22,"column":0},"end":{"line":22,"column":0}},"22":{"start":{"line":23,"column":0},"end":{"line":23,"column":56}},"23":{"start":{"line":24,"column":0},"end":{"line":24,"column":66}},"24":{"start":{"line":25,"column":0},"end":{"line":25,"column":0}},"25":{"start":{"line":26,"column":0},"end":{"line":26,"column":20}},"26":{"start":{"line":27,"column":0},"end":{"line":27,"column":64}},"27":{"start":{"line":28,"column":0},"end":{"line":28,"column":9}},"28":{"start":{"line":29,"column":0},"end":{"line":29,"column":0}},"29":{"start":{"line":30,"column":0},"end":{"line":30,"column":66}},"30":{"start":{"line":31,"column":0},"end":{"line":31,"column":63}},"31":{"start":{"line":32,"column":0},"end":{"line":32,"column":0}},"32":{"start":{"line":33,"column":0},"end":{"line":33,"column":34}},"33":{"start":{"line":34,"column":0},"end":{"line":34,"column":69}},"34":{"start":{"line":35,"column":0},"end":{"line":35,"column":9}},"35":{"start":{"line":36,"column":0},"end":{"line":36,"column":0}},"36":{"start":{"line":37,"column":0},"end":{"line":37,"column":34}},"37":{"start":{"line":38,"column":0},"end":{"line":38,"column":5}},"38":{"start":{"line":39,"column":0},"end":{"line":39,"column":1}}},"s":{"0":1,"1":1,"2":1,"3":1,"4":1,"5":1,"6":1,"7":1,"8":1,"9":1,"10":1,"11":1,"12":1,"13":1,"14":1,"15":3,"16":3,"17":3,"18":3,"19":3,"20":3,"21":1,"22":1,"23":3,"24":3,"25":3,"26":1,"27":1,"28":2,"29":2,"30":2,"31":2,"32":3,"33":1,"34":1,"35":1,"36":1,"37":1,"38":1},"branchMap":{"0":{"type":"branch","line":15,"loc":{"start":{"line":15,"column":4},"end":{"line":21,"column":9}},"locations":[{"start":{"line":15,"column":4},"end":{"line":21,"column":9}}]},"1":{"type":"branch","line":23,"loc":{"start":{"line":23,"column":10},"end":{"line":38,"column":5}},"locations":[{"start":{"line":23,"column":10},"end":{"line":38,"column":5}}]},"2":{"type":"branch","line":26,"loc":{"start":{"line":26,"column":19},"end":{"line":28,"column":9}},"locations":[{"start":{"line":26,"column":19},"end":{"line":28,"column":9}}]},"3":{"type":"branch","line":29,"loc":{"start":{"line":29,"column":-2},"end":{"line":33,"column":33}},"locations":[{"start":{"line":29,"column":-2},"end":{"line":33,"column":33}}]},"4":{"type":"branch","line":33,"loc":{"start":{"line":33,"column":33},"end":{"line":38,"column":5}},"locations":[{"start":{"line":33,"column":33},"end":{"line":38,"column":5}}]}},"b":{"0":[3],"1":[3],"2":[1],"3":[2],"4":[1]},"fnMap":{"0":{"name":"GetStatementOperationUseCase","decl":{"start":{"line":15,"column":4},"end":{"line":21,"column":9}},"loc":{"start":{"line":15,"column":4},"end":{"line":21,"column":9}},"line":15},"1":{"name":"execute","decl":{"start":{"line":23,"column":10},"end":{"line":38,"column":5}},"loc":{"start":{"line":23,"column":10},"end":{"line":38,"column":5}},"line":23}},"f":{"0":3,"1":3}}
,"C:\\Users\\mthgg\\OneDrive\\Documentos\\Rocketseat\\Node\\IIICapitulo\\Test_Node\\src\\modules\\users\\entities\\User.ts": {"path":"C:\\Users\\mthgg\\OneDrive\\Documentos\\Rocketseat\\Node\\IIICapitulo\\Test_Node\\src\\modules\\users\\entities\\User.ts","all":false,"statementMap":{"0":{"start":{"line":1,"column":0},"end":{"line":1,"column":8}},"1":{"start":{"line":2,"column":0},"end":{"line":2,"column":9}},"2":{"start":{"line":3,"column":0},"end":{"line":3,"column":19}},"3":{"start":{"line":4,"column":0},"end":{"line":4,"column":9}},"4":{"start":{"line":5,"column":0},"end":{"line":5,"column":12}},"5":{"start":{"line":6,"column":0},"end":{"line":6,"column":24}},"6":{"start":{"line":7,"column":0},"end":{"line":7,"column":17}},"7":{"start":{"line":8,"column":0},"end":{"line":8,"column":34}},"8":{"start":{"line":9,"column":0},"end":{"line":9,"column":0}},"9":{"start":{"line":10,"column":0},"end":{"line":10,"column":64}},"10":{"start":{"line":11,"column":0},"end":{"line":11,"column":0}},"11":{"start":{"line":12,"column":0},"end":{"line":12,"column":16}},"12":{"start":{"line":13,"column":0},"end":{"line":13,"column":19}},"13":{"start":{"line":14,"column":0},"end":{"line":14,"column":33}},"14":{"start":{"line":15,"column":0},"end":{"line":15,"column":14}},"15":{"start":{"line":16,"column":0},"end":{"line":16,"column":0}},"16":{"start":{"line":17,"column":0},"end":{"line":17,"column":11}},"17":{"start":{"line":18,"column":0},"end":{"line":18,"column":15}},"18":{"start":{"line":19,"column":0},"end":{"line":19,"column":0}},"19":{"start":{"line":20,"column":0},"end":{"line":20,"column":11}},"20":{"start":{"line":21,"column":0},"end":{"line":21,"column":16}},"21":{"start":{"line":22,"column":0},"end":{"line":22,"column":0}},"22":{"start":{"line":23,"column":0},"end":{"line":23,"column":11}},"23":{"start":{"line":24,"column":0},"end":{"line":24,"column":19}},"24":{"start":{"line":25,"column":0},"end":{"line":25,"column":0}},"25":{"start":{"line":26,"column":0},"end":{"line":26,"column":58}},"26":{"start":{"line":27,"column":0},"end":{"line":27,"column":25}},"27":{"start":{"line":28,"column":0},"end":{"line":28,"column":0}},"28":{"start":{"line":29,"column":0},"end":{"line":29,"column":21}},"29":{"start":{"line":30,"column":0},"end":{"line":30,"column":19}},"30":{"start":{"line":31,"column":0},"end":{"line":31,"column":0}},"31":{"start":{"line":32,"column":0},"end":{"line":32,"column":21}},"32":{"start":{"line":33,"column":0},"end":{"line":33,"column":19}},"33":{"start":{"line":34,"column":0},"end":{"line":34,"column":0}},"34":{"start":{"line":35,"column":0},"end":{"line":35,"column":17}},"35":{"start":{"line":36,"column":0},"end":{"line":36,"column":18}},"36":{"start":{"line":37,"column":0},"end":{"line":37,"column":23}},"37":{"start":{"line":38,"column":0},"end":{"line":38,"column":5}},"38":{"start":{"line":39,"column":0},"end":{"line":39,"column":3}},"39":{"start":{"line":40,"column":0},"end":{"line":40,"column":1}}},"s":{"0":1,"1":1,"2":1,"3":1,"4":1,"5":1,"6":1,"7":1,"8":1,"9":1,"10":1,"11":1,"12":1,"13":1,"14":1,"15":1,"16":1,"17":1,"18":1,"19":1,"20":1,"21":1,"22":1,"23":1,"24":1,"25":1,"26":1,"27":1,"28":1,"29":1,"30":1,"31":1,"32":1,"33":1,"34":1,"35":14,"36":14,"37":14,"38":14,"39":1},"branchMap":{"0":{"type":"branch","line":35,"loc":{"start":{"line":35,"column":2},"end":{"line":39,"column":3}},"locations":[{"start":{"line":35,"column":2},"end":{"line":39,"column":3}}]}},"b":{"0":[14]},"fnMap":{"0":{"name":"User","decl":{"start":{"line":35,"column":2},"end":{"line":39,"column":3}},"loc":{"start":{"line":35,"column":2},"end":{"line":39,"column":3}},"line":35}},"f":{"0":14}}
,"C:\\Users\\mthgg\\OneDrive\\Documentos\\Rocketseat\\Node\\IIICapitulo\\Test_Node\\src\\modules\\users\\repositories\\in-memory\\InMemoryUsersRepository.ts": {"path":"C:\\Users\\mthgg\\OneDrive\\Documentos\\Rocketseat\\Node\\IIICapitulo\\Test_Node\\src\\modules\\users\\repositories\\in-memory\\InMemoryUsersRepository.ts","all":false,"statementMap":{"0":{"start":{"line":1,"column":0},"end":{"line":1,"column":43}},"1":{"start":{"line":2,"column":0},"end":{"line":2,"column":0}},"2":{"start":{"line":3,"column":0},"end":{"line":3,"column":74}},"3":{"start":{"line":4,"column":0},"end":{"line":4,"column":55}},"4":{"start":{"line":5,"column":0},"end":{"line":5,"column":0}},"5":{"start":{"line":6,"column":0},"end":{"line":6,"column":66}},"6":{"start":{"line":7,"column":0},"end":{"line":7,"column":29}},"7":{"start":{"line":8,"column":0},"end":{"line":8,"column":0}},"8":{"start":{"line":9,"column":0},"end":{"line":9,"column":63}},"9":{"start":{"line":10,"column":0},"end":{"line":10,"column":57}},"10":{"start":{"line":11,"column":0},"end":{"line":11,"column":3}},"11":{"start":{"line":12,"column":0},"end":{"line":12,"column":0}},"12":{"start":{"line":13,"column":0},"end":{"line":13,"column":62}},"13":{"start":{"line":14,"column":0},"end":{"line":14,"column":56}},"14":{"start":{"line":15,"column":0},"end":{"line":15,"column":3}},"15":{"start":{"line":16,"column":0},"end":{"line":16,"column":0}},"16":{"start":{"line":17,"column":0},"end":{"line":17,"column":53}},"17":{"start":{"line":18,"column":0},"end":{"line":18,"column":28}},"18":{"start":{"line":19,"column":0},"end":{"line":19,"column":30}},"19":{"start":{"line":20,"column":0},"end":{"line":20,"column":26}},"20":{"start":{"line":21,"column":0},"end":{"line":21,"column":16}},"21":{"start":{"line":22,"column":0},"end":{"line":22,"column":3}},"22":{"start":{"line":23,"column":0},"end":{"line":23,"column":1}}},"s":{"0":1,"1":1,"2":1,"3":1,"4":1,"5":15,"6":15,"7":15,"8":15,"9":17,"10":17,"11":15,"12":15,"13":15,"14":15,"15":15,"16":15,"17":14,"18":14,"19":14,"20":14,"21":14,"22":15},"branchMap":{"0":{"type":"branch","line":6,"loc":{"start":{"line":6,"column":0},"end":{"line":23,"column":1}},"locations":[{"start":{"line":6,"column":0},"end":{"line":23,"column":1}}]},"1":{"type":"branch","line":9,"loc":{"start":{"line":9,"column":8},"end":{"line":11,"column":3}},"locations":[{"start":{"line":9,"column":8},"end":{"line":11,"column":3}}]},"2":{"type":"branch","line":10,"loc":{"start":{"line":10,"column":27},"end":{"line":10,"column":55}},"locations":[{"start":{"line":10,"column":27},"end":{"line":10,"column":55}}]},"3":{"type":"branch","line":13,"loc":{"start":{"line":13,"column":8},"end":{"line":15,"column":3}},"locations":[{"start":{"line":13,"column":8},"end":{"line":15,"column":3}}]},"4":{"type":"branch","line":14,"loc":{"start":{"line":14,"column":27},"end":{"line":14,"column":54}},"locations":[{"start":{"line":14,"column":27},"end":{"line":14,"column":54}}]},"5":{"type":"branch","line":17,"loc":{"start":{"line":17,"column":8},"end":{"line":22,"column":3}},"locations":[{"start":{"line":17,"column":8},"end":{"line":22,"column":3}}]}},"b":{"0":[15],"1":[17],"2":[2],"3":[15],"4":[15],"5":[14]},"fnMap":{"0":{"name":"InMemoryUsersRepository","decl":{"start":{"line":6,"column":0},"end":{"line":23,"column":1}},"loc":{"start":{"line":6,"column":0},"end":{"line":23,"column":1}},"line":6},"1":{"name":"findByEmail","decl":{"start":{"line":9,"column":8},"end":{"line":11,"column":3}},"loc":{"start":{"line":9,"column":8},"end":{"line":11,"column":3}},"line":9},"2":{"name":"findById","decl":{"start":{"line":13,"column":8},"end":{"line":15,"column":3}},"loc":{"start":{"line":13,"column":8},"end":{"line":15,"column":3}},"line":13},"3":{"name":"create","decl":{"start":{"line":17,"column":8},"end":{"line":22,"column":3}},"loc":{"start":{"line":17,"column":8},"end":{"line":22,"column":3}},"line":17}},"f":{"0":15,"1":17,"2":15,"3":14}}
,"C:\\Users\\mthgg\\OneDrive\\Documentos\\Rocketseat\\Node\\IIICapitulo\\Test_Node\\src\\modules\\users\\useCases\\authenticateUser\\AuthenticateUserUseCase.ts": {"path":"C:\\Users\\mthgg\\OneDrive\\Documentos\\Rocketseat\\Node\\IIICapitulo\\Test_Node\\src\\modules\\users\\useCases\\authenticateUser\\AuthenticateUserUseCase.ts","all":false,"statementMap":{"0":{"start":{"line":1,"column":0},"end":{"line":1,"column":46}},"1":{"start":{"line":2,"column":0},"end":{"line":2,"column":35}},"2":{"start":{"line":3,"column":0},"end":{"line":3,"column":36}},"3":{"start":{"line":4,"column":0},"end":{"line":4,"column":0}},"4":{"start":{"line":5,"column":0},"end":{"line":5,"column":49}},"5":{"start":{"line":6,"column":0},"end":{"line":6,"column":0}},"6":{"start":{"line":7,"column":0},"end":{"line":7,"column":71}},"7":{"start":{"line":8,"column":0},"end":{"line":8,"column":78}},"8":{"start":{"line":9,"column":0},"end":{"line":9,"column":80}},"9":{"start":{"line":10,"column":0},"end":{"line":10,"column":0}},"10":{"start":{"line":11,"column":0},"end":{"line":11,"column":20}},"11":{"start":{"line":12,"column":0},"end":{"line":12,"column":16}},"12":{"start":{"line":13,"column":0},"end":{"line":13,"column":19}},"13":{"start":{"line":14,"column":0},"end":{"line":14,"column":1}},"14":{"start":{"line":15,"column":0},"end":{"line":15,"column":0}},"15":{"start":{"line":16,"column":0},"end":{"line":16,"column":13}},"16":{"start":{"line":17,"column":0},"end":{"line":17,"column":38}},"17":{"start":{"line":18,"column":0},"end":{"line":18,"column":14}},"18":{"start":{"line":19,"column":0},"end":{"line":19,"column":30}},"19":{"start":{"line":20,"column":0},"end":{"line":20,"column":46}},"20":{"start":{"line":21,"column":0},"end":{"line":21,"column":6}},"21":{"start":{"line":22,"column":0},"end":{"line":22,"column":0}},"22":{"start":{"line":23,"column":0},"end":{"line":23,"column":87}},"23":{"start":{"line":24,"column":0},"end":{"line":24,"column":63}},"24":{"start":{"line":25,"column":0},"end":{"line":25,"column":0}},"25":{"start":{"line":26,"column":0},"end":{"line":26,"column":15}},"26":{"start":{"line":27,"column":0},"end":{"line":27,"column":48}},"27":{"start":{"line":28,"column":0},"end":{"line":28,"column":5}},"28":{"start":{"line":29,"column":0},"end":{"line":29,"column":0}},"29":{"start":{"line":30,"column":0},"end":{"line":30,"column":65}},"30":{"start":{"line":31,"column":0},"end":{"line":31,"column":0}},"31":{"start":{"line":32,"column":0},"end":{"line":32,"column":25}},"32":{"start":{"line":33,"column":0},"end":{"line":33,"column":48}},"33":{"start":{"line":34,"column":0},"end":{"line":34,"column":5}},"34":{"start":{"line":35,"column":0},"end":{"line":35,"column":0}},"35":{"start":{"line":36,"column":0},"end":{"line":36,"column":49}},"36":{"start":{"line":37,"column":0},"end":{"line":37,"column":0}},"37":{"start":{"line":38,"column":0},"end":{"line":38,"column":42}},"38":{"start":{"line":39,"column":0},"end":{"line":39,"column":23}},"39":{"start":{"line":40,"column":0},"end":{"line":40,"column":16}},"40":{"start":{"line":41,"column":0},"end":{"line":41,"column":7}},"41":{"start":{"line":42,"column":0},"end":{"line":42,"column":0}},"42":{"start":{"line":43,"column":0},"end":{"line":43,"column":12}},"43":{"start":{"line":44,"column":0},"end":{"line":44,"column":13}},"44":{"start":{"line":45,"column":0},"end":{"line":45,"column":20}},"45":{"start":{"line":46,"column":0},"end":{"line":46,"column":24}},"46":{"start":{"line":47,"column":0},"end":{"line":47,"column":25}},"47":{"start":{"line":48,"column":0},"end":{"line":48,"column":8}},"48":{"start":{"line":49,"column":0},"end":{"line":49,"column":11}},"49":{"start":{"line":50,"column":0},"end":{"line":50,"column":5}},"50":{"start":{"line":51,"column":0},"end":{"line":51,"column":3}},"51":{"start":{"line":52,"column":0},"end":{"line":52,"column":1}}},"s":{"0":1,"1":1,"2":1,"3":1,"4":1,"5":1,"6":1,"7":1,"8":1,"9":1,"10":1,"11":1,"12":1,"13":1,"14":1,"15":1,"16":1,"17":1,"18":2,"19":2,"20":2,"21":1,"22":1,"23":2,"24":2,"25":2,"26":1,"27":1,"28":1,"29":1,"30":1,"31":2,"32":0,"33":0,"34":1,"35":1,"36":1,"37":1,"38":1,"39":1,"40":1,"41":1,"42":1,"43":1,"44":1,"45":1,"46":1,"47":1,"48":1,"49":1,"50":1,"51":1},"branchMap":{"0":{"type":"branch","line":18,"loc":{"start":{"line":18,"column":2},"end":{"line":21,"column":6}},"locations":[{"start":{"line":18,"column":2},"end":{"line":21,"column":6}}]},"1":{"type":"branch","line":23,"loc":{"start":{"line":23,"column":8},"end":{"line":51,"column":3}},"locations":[{"start":{"line":23,"column":8},"end":{"line":51,"column":3}}]},"2":{"type":"branch","line":26,"loc":{"start":{"line":26,"column":14},"end":{"line":32,"column":24}},"locations":[{"start":{"line":26,"column":14},"end":{"line":32,"column":24}}]},"3":{"type":"branch","line":32,"loc":{"start":{"line":32,"column":24},"end":{"line":34,"column":5}},"locations":[{"start":{"line":32,"column":24},"end":{"line":34,"column":5}}]},"4":{"type":"branch","line":35,"loc":{"start":{"line":35,"column":-2},"end":{"line":51,"column":3}},"locations":[{"start":{"line":35,"column":-2},"end":{"line":51,"column":3}}]}},"b":{"0":[2],"1":[2],"2":[1],"3":[0],"4":[1]},"fnMap":{"0":{"name":"AuthenticateUserUseCase","decl":{"start":{"line":18,"column":2},"end":{"line":21,"column":6}},"loc":{"start":{"line":18,"column":2},"end":{"line":21,"column":6}},"line":18},"1":{"name":"execute","decl":{"start":{"line":23,"column":8},"end":{"line":51,"column":3}},"loc":{"start":{"line":23,"column":8},"end":{"line":51,"column":3}},"line":23}},"f":{"0":2,"1":2}}
,"C:\\Users\\mthgg\\OneDrive\\Documentos\\Rocketseat\\Node\\IIICapitulo\\Test_Node\\src\\modules\\users\\useCases\\authenticateUser\\IncorrectEmailOrPasswordError.ts": {"path":"C:\\Users\\mthgg\\OneDrive\\Documentos\\Rocketseat\\Node\\IIICapitulo\\Test_Node\\src\\modules\\users\\useCases\\authenticateUser\\IncorrectEmailOrPasswordError.ts","all":false,"statementMap":{"0":{"start":{"line":1,"column":0},"end":{"line":1,"column":62}},"1":{"start":{"line":2,"column":0},"end":{"line":2,"column":0}},"2":{"start":{"line":3,"column":0},"end":{"line":3,"column":61}},"3":{"start":{"line":4,"column":0},"end":{"line":4,"column":17}},"4":{"start":{"line":5,"column":0},"end":{"line":5,"column":46}},"5":{"start":{"line":6,"column":0},"end":{"line":6,"column":3}},"6":{"start":{"line":7,"column":0},"end":{"line":7,"column":1}}},"s":{"0":1,"1":1,"2":1,"3":1,"4":1,"5":1,"6":1},"branchMap":{"0":{"type":"branch","line":4,"loc":{"start":{"line":4,"column":2},"end":{"line":6,"column":3}},"locations":[{"start":{"line":4,"column":2},"end":{"line":6,"column":3}}]}},"b":{"0":[1]},"fnMap":{"0":{"name":"IncorrectEmailOrPasswordError","decl":{"start":{"line":4,"column":2},"end":{"line":6,"column":3}},"loc":{"start":{"line":4,"column":2},"end":{"line":6,"column":3}},"line":4}},"f":{"0":1}}
,"C:\\Users\\mthgg\\OneDrive\\Documentos\\Rocketseat\\Node\\IIICapitulo\\Test_Node\\src\\modules\\users\\useCases\\createUser\\CreateUserError.ts": {"path":"C:\\Users\\mthgg\\OneDrive\\Documentos\\Rocketseat\\Node\\IIICapitulo\\Test_Node\\src\\modules\\users\\useCases\\createUser\\CreateUserError.ts","all":false,"statementMap":{"0":{"start":{"line":1,"column":0},"end":{"line":1,"column":62}},"1":{"start":{"line":2,"column":0},"end":{"line":2,"column":0}},"2":{"start":{"line":3,"column":0},"end":{"line":3,"column":47}},"3":{"start":{"line":4,"column":0},"end":{"line":4,"column":17}},"4":{"start":{"line":5,"column":0},"end":{"line":5,"column":33}},"5":{"start":{"line":6,"column":0},"end":{"line":6,"column":3}},"6":{"start":{"line":7,"column":0},"end":{"line":7,"column":1}}},"s":{"0":1,"1":1,"2":1,"3":1,"4":0,"5":0,"6":1},"branchMap":{},"b":{},"fnMap":{"0":{"name":"CreateUserError","decl":{"start":{"line":4,"column":2},"end":{"line":6,"column":3}},"loc":{"start":{"line":4,"column":2},"end":{"line":6,"column":3}},"line":4}},"f":{"0":0}}
,"C:\\Users\\mthgg\\OneDrive\\Documentos\\Rocketseat\\Node\\IIICapitulo\\Test_Node\\src\\modules\\users\\useCases\\createUser\\CreateUserUseCase.ts": {"path":"C:\\Users\\mthgg\\OneDrive\\Documentos\\Rocketseat\\Node\\IIICapitulo\\Test_Node\\src\\modules\\users\\useCases\\createUser\\CreateUserUseCase.ts","all":false,"statementMap":{"0":{"start":{"line":1,"column":0},"end":{"line":1,"column":46}},"1":{"start":{"line":2,"column":0},"end":{"line":2,"column":32}},"2":{"start":{"line":3,"column":0},"end":{"line":3,"column":0}},"3":{"start":{"line":4,"column":0},"end":{"line":4,"column":52}},"4":{"start":{"line":5,"column":0},"end":{"line":5,"column":0}},"5":{"start":{"line":6,"column":0},"end":{"line":6,"column":71}},"6":{"start":{"line":7,"column":0},"end":{"line":7,"column":50}},"7":{"start":{"line":8,"column":0},"end":{"line":8,"column":0}},"8":{"start":{"line":9,"column":0},"end":{"line":9,"column":13}},"9":{"start":{"line":10,"column":0},"end":{"line":10,"column":32}},"10":{"start":{"line":11,"column":0},"end":{"line":11,"column":14}},"11":{"start":{"line":12,"column":0},"end":{"line":12,"column":30}},"12":{"start":{"line":13,"column":0},"end":{"line":13,"column":46}},"13":{"start":{"line":14,"column":0},"end":{"line":14,"column":6}},"14":{"start":{"line":15,"column":0},"end":{"line":15,"column":0}},"15":{"start":{"line":16,"column":0},"end":{"line":16,"column":60}},"16":{"start":{"line":17,"column":0},"end":{"line":17,"column":76}},"17":{"start":{"line":18,"column":0},"end":{"line":18,"column":0}},"18":{"start":{"line":19,"column":0},"end":{"line":19,"column":28}},"19":{"start":{"line":20,"column":0},"end":{"line":20,"column":34}},"20":{"start":{"line":21,"column":0},"end":{"line":21,"column":5}},"21":{"start":{"line":22,"column":0},"end":{"line":22,"column":0}},"22":{"start":{"line":23,"column":0},"end":{"line":23,"column":49}},"23":{"start":{"line":24,"column":0},"end":{"line":24,"column":0}},"24":{"start":{"line":25,"column":0},"end":{"line":25,"column":52}},"25":{"start":{"line":26,"column":0},"end":{"line":26,"column":12}},"26":{"start":{"line":27,"column":0},"end":{"line":27,"column":11}},"27":{"start":{"line":28,"column":0},"end":{"line":28,"column":29}},"28":{"start":{"line":29,"column":0},"end":{"line":29,"column":7}},"29":{"start":{"line":30,"column":0},"end":{"line":30,"column":0}},"30":{"start":{"line":31,"column":0},"end":{"line":31,"column":16}},"31":{"start":{"line":32,"column":0},"end":{"line":32,"column":3}},"32":{"start":{"line":33,"column":0},"end":{"line":33,"column":1}}},"s":{"0":1,"1":1,"2":1,"3":1,"4":1,"5":1,"6":1,"7":1,"8":1,"9":1,"10":1,"11":15,"12":15,"13":15,"14":1,"15":1,"16":15,"17":15,"18":15,"19":0,"20":0,"21":15,"22":15,"23":14,"24":14,"25":14,"26":14,"27":14,"28":14,"29":14,"30":14,"31":14,"32":1},"branchMap":{"0":{"type":"branch","line":11,"loc":{"start":{"line":11,"column":2},"end":{"line":14,"column":6}},"locations":[{"start":{"line":11,"column":2},"end":{"line":14,"column":6}}]},"1":{"type":"branch","line":16,"loc":{"start":{"line":16,"column":8},"end":{"line":32,"column":3}},"locations":[{"start":{"line":16,"column":8},"end":{"line":32,"column":3}}]},"2":{"type":"branch","line":19,"loc":{"start":{"line":19,"column":27},"end":{"line":21,"column":5}},"locations":[{"start":{"line":19,"column":27},"end":{"line":21,"column":5}}]},"3":{"type":"branch","line":24,"loc":{"start":{"line":24,"column":-2},"end":{"line":32,"column":3}},"locations":[{"start":{"line":24,"column":-2},"end":{"line":32,"column":3}}]}},"b":{"0":[15],"1":[15],"2":[0],"3":[14]},"fnMap":{"0":{"name":"CreateUserUseCase","decl":{"start":{"line":11,"column":2},"end":{"line":14,"column":6}},"loc":{"start":{"line":11,"column":2},"end":{"line":14,"column":6}},"line":11},"1":{"name":"execute","decl":{"start":{"line":16,"column":8},"end":{"line":32,"column":3}},"loc":{"start":{"line":16,"column":8},"end":{"line":32,"column":3}},"line":16}},"f":{"0":15,"1":15}}
,"C:\\Users\\mthgg\\OneDrive\\Documentos\\Rocketseat\\Node\\IIICapitulo\\Test_Node\\src\\modules\\users\\useCases\\showUserProfile\\ShowUserProfileError.ts": {"path":"C:\\Users\\mthgg\\OneDrive\\Documentos\\Rocketseat\\Node\\IIICapitulo\\Test_Node\\src\\modules\\users\\useCases\\showUserProfile\\ShowUserProfileError.ts","all":false,"statementMap":{"0":{"start":{"line":1,"column":0},"end":{"line":1,"column":62}},"1":{"start":{"line":2,"column":0},"end":{"line":2,"column":0}},"2":{"start":{"line":3,"column":0},"end":{"line":3,"column":52}},"3":{"start":{"line":4,"column":0},"end":{"line":4,"column":17}},"4":{"start":{"line":5,"column":0},"end":{"line":5,"column":33}},"5":{"start":{"line":6,"column":0},"end":{"line":6,"column":3}},"6":{"start":{"line":7,"column":0},"end":{"line":7,"column":1}}},"s":{"0":1,"1":1,"2":1,"3":1,"4":1,"5":1,"6":1},"branchMap":{"0":{"type":"branch","line":4,"loc":{"start":{"line":4,"column":2},"end":{"line":6,"column":3}},"locations":[{"start":{"line":4,"column":2},"end":{"line":6,"column":3}}]}},"b":{"0":[1]},"fnMap":{"0":{"name":"ShowUserProfileError","decl":{"start":{"line":4,"column":2},"end":{"line":6,"column":3}},"loc":{"start":{"line":4,"column":2},"end":{"line":6,"column":3}},"line":4}},"f":{"0":1}}
,"C:\\Users\\mthgg\\OneDrive\\Documentos\\Rocketseat\\Node\\IIICapitulo\\Test_Node\\src\\modules\\users\\useCases\\showUserProfile\\ShowUserProfileUseCase.ts": {"path":"C:\\Users\\mthgg\\OneDrive\\Documentos\\Rocketseat\\Node\\IIICapitulo\\Test_Node\\src\\modules\\users\\useCases\\showUserProfile\\ShowUserProfileUseCase.ts","all":false,"statementMap":{"0":{"start":{"line":1,"column":0},"end":{"line":1,"column":46}},"1":{"start":{"line":2,"column":0},"end":{"line":2,"column":0}},"2":{"start":{"line":3,"column":0},"end":{"line":3,"column":71}},"3":{"start":{"line":4,"column":0},"end":{"line":4,"column":62}},"4":{"start":{"line":5,"column":0},"end":{"line":5,"column":0}},"5":{"start":{"line":6,"column":0},"end":{"line":6,"column":13}},"6":{"start":{"line":7,"column":0},"end":{"line":7,"column":37}},"7":{"start":{"line":8,"column":0},"end":{"line":8,"column":14}},"8":{"start":{"line":9,"column":0},"end":{"line":9,"column":30}},"9":{"start":{"line":10,"column":0},"end":{"line":10,"column":46}},"10":{"start":{"line":11,"column":0},"end":{"line":11,"column":6}},"11":{"start":{"line":12,"column":0},"end":{"line":12,"column":0}},"12":{"start":{"line":13,"column":0},"end":{"line":13,"column":34}},"13":{"start":{"line":14,"column":0},"end":{"line":14,"column":62}},"14":{"start":{"line":15,"column":0},"end":{"line":15,"column":0}},"15":{"start":{"line":16,"column":0},"end":{"line":16,"column":16}},"16":{"start":{"line":17,"column":0},"end":{"line":17,"column":39}},"17":{"start":{"line":18,"column":0},"end":{"line":18,"column":5}},"18":{"start":{"line":19,"column":0},"end":{"line":19,"column":0}},"19":{"start":{"line":20,"column":0},"end":{"line":20,"column":16}},"20":{"start":{"line":21,"column":0},"end":{"line":21,"column":3}},"21":{"start":{"line":22,"column":0},"end":{"line":22,"column":1}}},"s":{"0":1,"1":1,"2":1,"3":1,"4":1,"5":1,"6":1,"7":1,"8":2,"9":2,"10":2,"11":1,"12":1,"13":2,"14":2,"15":2,"16":1,"17":1,"18":1,"19":1,"20":1,"21":1},"branchMap":{"0":{"type":"branch","line":8,"loc":{"start":{"line":8,"column":2},"end":{"line":11,"column":6}},"locations":[{"start":{"line":8,"column":2},"end":{"line":11,"column":6}}]},"1":{"type":"branch","line":13,"loc":{"start":{"line":13,"column":8},"end":{"line":21,"column":3}},"locations":[{"start":{"line":13,"column":8},"end":{"line":21,"column":3}}]},"2":{"type":"branch","line":16,"loc":{"start":{"line":16,"column":15},"end":{"line":21,"column":3}},"locations":[{"start":{"line":16,"column":15},"end":{"line":21,"column":3}}]}},"b":{"0":[2],"1":[2],"2":[1]},"fnMap":{"0":{"name":"ShowUserProfileUseCase","decl":{"start":{"line":8,"column":2},"end":{"line":11,"column":6}},"loc":{"start":{"line":8,"column":2},"end":{"line":11,"column":6}},"line":8},"1":{"name":"execute","decl":{"start":{"line":13,"column":8},"end":{"line":21,"column":3}},"loc":{"start":{"line":13,"column":8},"end":{"line":21,"column":3}},"line":13}},"f":{"0":2,"1":2}}
,"C:\\Users\\mthgg\\OneDrive\\Documentos\\Rocketseat\\Node\\IIICapitulo\\Test_Node\\src\\shared\\errors\\AppError.ts": {"path":"C:\\Users\\mthgg\\OneDrive\\Documentos\\Rocketseat\\Node\\IIICapitulo\\Test_Node\\src\\shared\\errors\\AppError.ts","all":false,"statementMap":{"0":{"start":{"line":1,"column":0},"end":{"line":1,"column":23}},"1":{"start":{"line":2,"column":0},"end":{"line":2,"column":27}},"2":{"start":{"line":3,"column":0},"end":{"line":3,"column":0}},"3":{"start":{"line":4,"column":0},"end":{"line":4,"column":30}},"4":{"start":{"line":5,"column":0},"end":{"line":5,"column":0}},"5":{"start":{"line":6,"column":0},"end":{"line":6,"column":50}},"6":{"start":{"line":7,"column":0},"end":{"line":7,"column":27}},"7":{"start":{"line":8,"column":0},"end":{"line":8,"column":33}},"8":{"start":{"line":9,"column":0},"end":{"line":9,"column":3}},"9":{"start":{"line":10,"column":0},"end":{"line":10,"column":1}}},"s":{"0":1,"1":1,"2":1,"3":1,"4":1,"5":1,"6":7,"7":7,"8":7,"9":1},"branchMap":{"0":{"type":"branch","line":6,"loc":{"start":{"line":6,"column":2},"end":{"line":9,"column":3}},"locations":[{"start":{"line":6,"column":2},"end":{"line":9,"column":3}}]}},"b":{"0":[7]},"fnMap":{"0":{"name":"AppError","decl":{"start":{"line":6,"column":2},"end":{"line":9,"column":3}},"loc":{"start":{"line":6,"column":2},"end":{"line":9,"column":3}},"line":6}},"f":{"0":7}}
}
