TN:
SF:src\config\auth.ts
FNF:0
FNH:0
DA:1,1
DA:2,1
DA:3,1
DA:4,1
DA:5,1
DA:6,1
DA:7,1
DA:8,1
LF:8
LH:8
BRF:0
BRH:0
end_of_record
TN:
SF:src\modules\statements\entities\Statement.ts
FN:45,Statement
FN:26,Object.<anonymous>.typeorm_1.JoinColumn.name
FNF:2
FNH:1
FNDA:6,Statement
FNDA:0,Object.<anonymous>.typeorm_1.JoinColumn.name
DA:1,1
DA:2,1
DA:3,1
DA:4,1
DA:5,1
DA:6,1
DA:7,1
DA:8,1
DA:9,1
DA:10,1
DA:11,1
DA:12,1
DA:13,6
DA:14,6
DA:15,6
DA:16,6
DA:17,1
DA:18,1
DA:19,1
DA:20,1
DA:21,1
DA:22,1
DA:23,1
DA:24,1
DA:25,1
DA:26,1
DA:27,1
DA:28,1
DA:29,1
DA:30,1
DA:31,1
DA:32,1
DA:33,1
DA:34,1
DA:35,1
DA:36,1
DA:37,1
DA:38,1
DA:39,1
DA:40,1
DA:41,1
DA:42,1
DA:43,1
DA:44,1
DA:45,1
DA:46,6
DA:47,6
DA:48,6
DA:49,6
DA:50,1
LF:50
LH:50
BRDA:13,0,0,6
BRDA:45,1,0,6
BRF:2
BRH:2
end_of_record
TN:
SF:src\modules\statements\repositories\in-memory\InMemoryStatementsRepository.ts
FN:7,InMemoryStatementsRepository
FN:10,create
FN:20,findStatementOperation
FN:27,getUserBalance
FNF:4
FNH:4
FNDA:9,InMemoryStatementsRepository
FNDA:6,create
FNDA:2,findStatementOperation
FNDA:3,getUserBalance
DA:1,1
DA:2,1
DA:3,1
DA:4,1
DA:5,1
DA:6,1
DA:7,9
DA:8,9
DA:9,9
DA:10,9
DA:11,6
DA:12,6
DA:13,6
DA:14,6
DA:15,6
DA:16,6
DA:17,6
DA:18,6
DA:19,9
DA:20,9
DA:21,2
DA:22,2
DA:23,1
DA:24,2
DA:25,2
DA:26,9
DA:27,9
DA:28,3
DA:29,3
DA:30,3
DA:31,3
DA:32,3
DA:33,3
DA:34,3
DA:35,1
DA:36,1
DA:37,1
DA:38,0
DA:39,0
DA:40,3
DA:41,3
DA:42,3
DA:43,1
DA:44,1
DA:45,1
DA:46,1
DA:47,1
DA:48,2
DA:49,2
DA:50,2
DA:51,9
LF:51
LH:49
BRDA:7,0,0,9
BRDA:10,1,0,6
BRDA:20,2,0,2
BRDA:21,3,0,2
BRDA:22,4,0,1
BRDA:27,5,0,3
BRDA:42,6,0,1
BRDA:48,7,0,2
BRDA:32,8,0,1
BRDA:34,9,0,1
BRDA:37,10,0,0
BRF:11
BRH:10
end_of_record
TN:
SF:src\modules\statements\useCases\createStatement\CreateStatementError.ts
FN:5,UserNotFound
FN:11,InsufficientFunds
FNF:2
FNH:2
FNDA:1,UserNotFound
FNDA:1,InsufficientFunds
DA:1,1
DA:2,1
DA:3,2
DA:4,2
DA:5,2
DA:6,1
DA:7,1
DA:8,2
DA:9,2
DA:10,2
DA:11,2
DA:12,1
DA:13,1
DA:14,2
DA:15,2
LF:15
LH:15
BRDA:3,0,0,2
BRDA:5,1,0,1
BRDA:11,2,0,1
BRF:3
BRH:3
end_of_record
TN:
SF:src\modules\statements\useCases\createStatement\CreateStatementUseCase.ts
FN:11,CreateStatementUseCase
FN:19,execute
FNF:2
FNH:2
FNDA:7,CreateStatementUseCase
FNDA:8,execute
DA:1,1
DA:2,1
DA:3,1
DA:4,1
DA:5,1
DA:6,1
DA:7,1
DA:8,1
DA:9,1
DA:10,1
DA:11,1
DA:12,7
DA:13,7
DA:14,7
DA:15,7
DA:16,7
DA:17,7
DA:18,1
DA:19,1
DA:20,8
DA:21,8
DA:22,8
DA:23,1
DA:24,1
DA:25,7
DA:26,8
DA:27,2
DA:28,2
DA:29,2
DA:30,1
DA:31,1
DA:32,2
DA:33,6
DA:34,6
DA:35,6
DA:36,6
DA:37,6
DA:38,6
DA:39,6
DA:40,6
DA:41,6
DA:42,6
DA:43,1
LF:43
LH:43
BRDA:11,0,0,7
BRDA:19,1,0,8
BRDA:22,2,0,1
BRDA:25,3,0,7
BRDA:26,4,0,2
BRDA:29,5,0,1
BRDA:33,6,0,6
BRF:7
BRH:7
end_of_record
TN:
SF:src\modules\statements\useCases\getBalance\GetBalanceError.ts
FN:4,GetBalanceError
FNF:1
FNH:1
FNDA:1,GetBalanceError
DA:1,1
DA:2,1
DA:3,1
DA:4,1
DA:5,1
DA:6,1
DA:7,1
LF:7
LH:7
BRDA:4,0,0,1
BRF:1
BRH:1
end_of_record
TN:
SF:src\modules\statements\useCases\getBalance\GetBalanceUseCase.ts
FN:20,GetBalanceUseCase
FN:28,execute
FNF:2
FNH:2
FNDA:2,GetBalanceUseCase
FNDA:2,execute
DA:1,1
DA:2,1
DA:3,1
DA:4,1
DA:5,1
DA:6,1
DA:7,1
DA:8,1
DA:9,1
DA:10,1
DA:11,1
DA:12,1
DA:13,1
DA:14,1
DA:15,1
DA:16,1
DA:17,1
DA:18,1
DA:19,1
DA:20,1
DA:21,2
DA:22,2
DA:23,2
DA:24,2
DA:25,2
DA:26,2
DA:27,1
DA:28,1
DA:29,2
DA:30,2
DA:31,2
DA:32,1
DA:33,1
DA:34,1
DA:35,1
DA:36,1
DA:37,1
DA:38,1
DA:39,1
DA:40,1
DA:41,1
DA:42,1
LF:42
LH:42
BRDA:20,0,0,2
BRDA:28,1,0,2
BRDA:31,2,0,1
BRF:3
BRH:3
end_of_record
TN:
SF:src\modules\statements\useCases\getStatementOperation\GetStatementOperationError.ts
FN:5,UserNotFound
FN:11,StatementNotFound
FNF:2
FNH:2
FNDA:1,UserNotFound
FNDA:1,StatementNotFound
DA:1,1
DA:2,1
DA:3,1
DA:4,1
DA:5,1
DA:6,1
DA:7,1
DA:8,1
DA:9,1
DA:10,1
DA:11,1
DA:12,1
DA:13,1
DA:14,1
DA:15,1
LF:15
LH:15
BRDA:3,0,0,1
BRDA:5,1,0,1
BRDA:11,2,0,1
BRF:3
BRH:3
end_of_record
TN:
SF:src\modules\statements\useCases\getStatementOperation\GetStatementOperationUseCase.ts
FN:15,GetStatementOperationUseCase
FN:23,execute
FNF:2
FNH:2
FNDA:3,GetStatementOperationUseCase
FNDA:3,execute
DA:1,1
DA:2,1
DA:3,1
DA:4,1
DA:5,1
DA:6,1
DA:7,1
DA:8,1
DA:9,1
DA:10,1
DA:11,1
DA:12,1
DA:13,1
DA:14,1
DA:15,1
DA:16,3
DA:17,3
DA:18,3
DA:19,3
DA:20,3
DA:21,3
DA:22,1
DA:23,1
DA:24,3
DA:25,3
DA:26,3
DA:27,1
DA:28,1
DA:29,2
DA:30,2
DA:31,2
DA:32,2
DA:33,3
DA:34,1
DA:35,1
DA:36,1
DA:37,1
DA:38,1
DA:39,1
LF:39
LH:39
BRDA:15,0,0,3
BRDA:23,1,0,3
BRDA:26,2,0,1
BRDA:29,3,0,2
BRDA:33,4,0,1
BRF:5
BRH:5
end_of_record
TN:
SF:src\modules\users\entities\User.ts
FN:35,User
FNF:1
FNH:1
FNDA:14,User
DA:1,1
DA:2,1
DA:3,1
DA:4,1
DA:5,1
DA:6,1
DA:7,1
DA:8,1
DA:9,1
DA:10,1
DA:11,1
DA:12,1
DA:13,1
DA:14,1
DA:15,1
DA:16,1
DA:17,1
DA:18,1
DA:19,1
DA:20,1
DA:21,1
DA:22,1
DA:23,1
DA:24,1
DA:25,1
DA:26,1
DA:27,1
DA:28,1
DA:29,1
DA:30,1
DA:31,1
DA:32,1
DA:33,1
DA:34,1
DA:35,1
DA:36,14
DA:37,14
DA:38,14
DA:39,14
DA:40,1
LF:40
LH:40
BRDA:35,0,0,14
BRF:1
BRH:1
end_of_record
TN:
SF:src\modules\users\repositories\in-memory\InMemoryUsersRepository.ts
FN:6,InMemoryUsersRepository
FN:9,findByEmail
FN:13,findById
FN:17,create
FNF:4
FNH:4
FNDA:15,InMemoryUsersRepository
FNDA:17,findByEmail
FNDA:15,findById
FNDA:14,create
DA:1,1
DA:2,1
DA:3,1
DA:4,1
DA:5,1
DA:6,15
DA:7,15
DA:8,15
DA:9,15
DA:10,17
DA:11,17
DA:12,15
DA:13,15
DA:14,15
DA:15,15
DA:16,15
DA:17,15
DA:18,14
DA:19,14
DA:20,14
DA:21,14
DA:22,14
DA:23,15
LF:23
LH:23
BRDA:6,0,0,15
BRDA:9,1,0,17
BRDA:10,2,0,2
BRDA:13,3,0,15
BRDA:14,4,0,15
BRDA:17,5,0,14
BRF:6
BRH:6
end_of_record
TN:
SF:src\modules\users\useCases\authenticateUser\AuthenticateUserUseCase.ts
FN:18,AuthenticateUserUseCase
FN:23,execute
FNF:2
FNH:2
FNDA:2,AuthenticateUserUseCase
FNDA:2,execute
DA:1,1
DA:2,1
DA:3,1
DA:4,1
DA:5,1
DA:6,1
DA:7,1
DA:8,1
DA:9,1
DA:10,1
DA:11,1
DA:12,1
DA:13,1
DA:14,1
DA:15,1
DA:16,1
DA:17,1
DA:18,1
DA:19,2
DA:20,2
DA:21,2
DA:22,1
DA:23,1
DA:24,2
DA:25,2
DA:26,2
DA:27,1
DA:28,1
DA:29,1
DA:30,1
DA:31,1
DA:32,2
DA:33,0
DA:34,0
DA:35,1
DA:36,1
DA:37,1
DA:38,1
DA:39,1
DA:40,1
DA:41,1
DA:42,1
DA:43,1
DA:44,1
DA:45,1
DA:46,1
DA:47,1
DA:48,1
DA:49,1
DA:50,1
DA:51,1
DA:52,1
LF:52
LH:50
BRDA:18,0,0,2
BRDA:23,1,0,2
BRDA:26,2,0,1
BRDA:32,3,0,0
BRDA:35,4,0,1
BRF:5
BRH:4
end_of_record
TN:
SF:src\modules\users\useCases\authenticateUser\IncorrectEmailOrPasswordError.ts
FN:4,IncorrectEmailOrPasswordError
FNF:1
FNH:1
FNDA:1,IncorrectEmailOrPasswordError
DA:1,1
DA:2,1
DA:3,1
DA:4,1
DA:5,1
DA:6,1
DA:7,1
LF:7
LH:7
BRDA:4,0,0,1
BRF:1
BRH:1
end_of_record
TN:
SF:src\modules\users\useCases\createUser\CreateUserError.ts
FN:4,CreateUserError
FNF:1
FNH:0
FNDA:0,CreateUserError
DA:1,1
DA:2,1
DA:3,1
DA:4,1
DA:5,0
DA:6,0
DA:7,1
LF:7
LH:5
BRF:0
BRH:0
end_of_record
TN:
SF:src\modules\users\useCases\createUser\CreateUserUseCase.ts
FN:11,CreateUserUseCase
FN:16,execute
FNF:2
FNH:2
FNDA:15,CreateUserUseCase
FNDA:15,execute
DA:1,1
DA:2,1
DA:3,1
DA:4,1
DA:5,1
DA:6,1
DA:7,1
DA:8,1
DA:9,1
DA:10,1
DA:11,1
DA:12,15
DA:13,15
DA:14,15
DA:15,1
DA:16,1
DA:17,15
DA:18,15
DA:19,15
DA:20,0
DA:21,0
DA:22,15
DA:23,15
DA:24,14
DA:25,14
DA:26,14
DA:27,14
DA:28,14
DA:29,14
DA:30,14
DA:31,14
DA:32,14
DA:33,1
LF:33
LH:31
BRDA:11,0,0,15
BRDA:16,1,0,15
BRDA:19,2,0,0
BRDA:24,3,0,14
BRF:4
BRH:3
end_of_record
TN:
SF:src\modules\users\useCases\showUserProfile\ShowUserProfileError.ts
FN:4,ShowUserProfileError
FNF:1
FNH:1
FNDA:1,ShowUserProfileError
DA:1,1
DA:2,1
DA:3,1
DA:4,1
DA:5,1
DA:6,1
DA:7,1
LF:7
LH:7
BRDA:4,0,0,1
BRF:1
BRH:1
end_of_record
TN:
SF:src\modules\users\useCases\showUserProfile\ShowUserProfileUseCase.ts
FN:8,ShowUserProfileUseCase
FN:13,execute
FNF:2
FNH:2
FNDA:2,ShowUserProfileUseCase
FNDA:2,execute
DA:1,1
DA:2,1
DA:3,1
DA:4,1
DA:5,1
DA:6,1
DA:7,1
DA:8,1
DA:9,2
DA:10,2
DA:11,2
DA:12,1
DA:13,1
DA:14,2
DA:15,2
DA:16,2
DA:17,1
DA:18,1
DA:19,1
DA:20,1
DA:21,1
DA:22,1
LF:22
LH:22
BRDA:8,0,0,2
BRDA:13,1,0,2
BRDA:16,2,0,1
BRF:3
BRH:3
end_of_record
TN:
SF:src\shared\errors\AppError.ts
FN:6,AppError
FNF:1
FNH:1
FNDA:7,AppError
DA:1,1
DA:2,1
DA:3,1
DA:4,1
DA:5,1
DA:6,1
DA:7,7
DA:8,7
DA:9,7
DA:10,1
LF:10
LH:10
BRDA:6,0,0,7
BRF:1
BRH:1
end_of_record
