TN:
SF:src\config\auth.ts
FNF:0
FNH:0
DA:1,1
DA:2,1
DA:3,1
DA:4,1
DA:5,1
DA:6,1
DA:7,1
DA:8,1
LF:8
LH:8
BRF:0
BRH:0
end_of_record
TN:
SF:src\modules\statements\entities\Statement.ts
FN:45,Statement
FN:26,Object.<anonymous>.typeorm_1.JoinColumn.name
FNF:2
FNH:0
FNDA:0,Statement
FNDA:0,Object.<anonymous>.typeorm_1.JoinColumn.name
DA:1,1
DA:2,1
DA:3,1
DA:4,1
DA:5,1
DA:6,1
DA:7,1
DA:8,1
DA:9,1
DA:10,1
DA:11,1
DA:12,1
DA:13,2
DA:14,2
DA:15,2
DA:16,2
DA:17,1
DA:18,1
DA:19,1
DA:20,1
DA:21,1
DA:22,1
DA:23,1
DA:24,1
DA:25,1
DA:26,1
DA:27,1
DA:28,1
DA:29,1
DA:30,1
DA:31,1
DA:32,1
DA:33,1
DA:34,1
DA:35,1
DA:36,1
DA:37,1
DA:38,1
DA:39,1
DA:40,1
DA:41,1
DA:42,1
DA:43,1
DA:44,1
DA:45,1
DA:46,0
DA:47,0
DA:48,0
DA:49,0
DA:50,1
LF:50
LH:46
BRDA:13,0,0,2
BRF:1
BRH:1
end_of_record
TN:
SF:src\modules\users\entities\User.ts
FN:35,User
FNF:1
FNH:1
FNDA:3,User
DA:1,1
DA:2,1
DA:3,1
DA:4,1
DA:5,1
DA:6,1
DA:7,1
DA:8,1
DA:9,1
DA:10,1
DA:11,1
DA:12,1
DA:13,1
DA:14,1
DA:15,1
DA:16,1
DA:17,1
DA:18,1
DA:19,1
DA:20,1
DA:21,1
DA:22,1
DA:23,1
DA:24,1
DA:25,1
DA:26,1
DA:27,1
DA:28,1
DA:29,1
DA:30,1
DA:31,1
DA:32,1
DA:33,1
DA:34,1
DA:35,1
DA:36,3
DA:37,3
DA:38,3
DA:39,3
DA:40,1
LF:40
LH:40
BRDA:35,0,0,3
BRF:1
BRH:1
end_of_record
TN:
SF:src\modules\users\repositories\in-memory\InMemoryUsersRepository.ts
FN:6,InMemoryUsersRepository
FN:9,findByEmail
FN:13,findById
FN:17,create
FNF:4
FNH:3
FNDA:4,InMemoryUsersRepository
FNDA:6,findByEmail
FNDA:0,findById
FNDA:3,create
DA:1,1
DA:2,1
DA:3,1
DA:4,1
DA:5,1
DA:6,4
DA:7,4
DA:8,4
DA:9,4
DA:10,6
DA:11,6
DA:12,4
DA:13,4
DA:14,0
DA:15,0
DA:16,4
DA:17,4
DA:18,3
DA:19,3
DA:20,3
DA:21,3
DA:22,3
DA:23,4
LF:23
LH:21
BRDA:6,0,0,4
BRDA:9,1,0,6
BRDA:10,2,0,2
BRDA:17,3,0,3
BRF:4
BRH:4
end_of_record
TN:
SF:src\modules\users\useCases\authenticateUser\AuthenticateUserUseCase.ts
FN:18,AuthenticateUserUseCase
FN:23,execute
FNF:2
FNH:2
FNDA:2,AuthenticateUserUseCase
FNDA:2,execute
DA:1,1
DA:2,1
DA:3,1
DA:4,1
DA:5,1
DA:6,1
DA:7,1
DA:8,1
DA:9,1
DA:10,1
DA:11,1
DA:12,1
DA:13,1
DA:14,1
DA:15,1
DA:16,1
DA:17,1
DA:18,1
DA:19,2
DA:20,2
DA:21,2
DA:22,1
DA:23,1
DA:24,2
DA:25,2
DA:26,2
DA:27,1
DA:28,1
DA:29,1
DA:30,1
DA:31,1
DA:32,2
DA:33,0
DA:34,0
DA:35,1
DA:36,1
DA:37,1
DA:38,1
DA:39,1
DA:40,1
DA:41,1
DA:42,1
DA:43,1
DA:44,1
DA:45,1
DA:46,1
DA:47,1
DA:48,1
DA:49,1
DA:50,1
DA:51,1
DA:52,1
LF:52
LH:50
BRDA:18,0,0,2
BRDA:23,1,0,2
BRDA:26,2,0,1
BRDA:32,3,0,0
BRDA:35,4,0,1
BRF:5
BRH:4
end_of_record
TN:
SF:src\modules\users\useCases\authenticateUser\IncorrectEmailOrPasswordError.ts
FN:4,IncorrectEmailOrPasswordError
FNF:1
FNH:1
FNDA:1,IncorrectEmailOrPasswordError
DA:1,1
DA:2,1
DA:3,1
DA:4,1
DA:5,1
DA:6,1
DA:7,1
LF:7
LH:7
BRDA:4,0,0,1
BRF:1
BRH:1
end_of_record
TN:
SF:src\modules\users\useCases\createUser\CreateUserError.ts
FN:4,CreateUserError
FNF:1
FNH:0
FNDA:0,CreateUserError
DA:1,1
DA:2,1
DA:3,1
DA:4,1
DA:5,0
DA:6,0
DA:7,1
LF:7
LH:5
BRF:0
BRH:0
end_of_record
TN:
SF:src\modules\users\useCases\createUser\CreateUserUseCase.ts
FN:11,CreateUserUseCase
FN:16,execute
FNF:2
FNH:2
FNDA:4,CreateUserUseCase
FNDA:4,execute
DA:1,1
DA:2,1
DA:3,1
DA:4,1
DA:5,1
DA:6,1
DA:7,1
DA:8,1
DA:9,1
DA:10,1
DA:11,1
DA:12,4
DA:13,4
DA:14,4
DA:15,1
DA:16,1
DA:17,4
DA:18,4
DA:19,4
DA:20,0
DA:21,0
DA:22,4
DA:23,4
DA:24,3
DA:25,3
DA:26,3
DA:27,3
DA:28,3
DA:29,3
DA:30,3
DA:31,3
DA:32,3
DA:33,1
LF:33
LH:31
BRDA:11,0,0,4
BRDA:16,1,0,4
BRDA:19,2,0,0
BRDA:24,3,0,3
BRF:4
BRH:3
end_of_record
TN:
SF:src\shared\errors\AppError.ts
FN:6,AppError
FNF:1
FNH:1
FNDA:1,AppError
DA:1,1
DA:2,1
DA:3,1
DA:4,1
DA:5,1
DA:6,1
DA:7,1
DA:8,1
DA:9,1
DA:10,1
LF:10
LH:10
BRDA:6,0,0,1
BRF:1
BRH:1
end_of_record
